Vivado Simulator v2025.2
Copyright 1986-2022 Xilinx, Inc. All Rights Reserved.
Copyright 2022-2025 Advanced Micro Devices, Inc. All Rights Reserved.
Running: C:/AMDDesignTools/2025.2/Vivado/bin/unwrapped/win64.o/xelab.exe -debug typical tb_bench -s tb_bench_snap 
Multi-threading is on. Using 6 slave threads.
Starting static elaboration
Pass Through NonSizing Optimizer
WARNING: [VRFC 10-3645] port 'tx' remains unconnected for this instance [C:/Users/dilip/testing/final/tb_bench.v:11]
Completed static elaboration
Starting simulation data flow analysis
Completed simulation data flow analysis
Time Resolution for simulation is 1ps
Compiling module work.uart_rx_default
Compiling module work.uart_input_buffer
Compiling module work.id_ex_reg
Compiling module work.IF_ID
Compiling module work.ex_mem_wb_reg
Compiling module work.execute
Compiling module work.wb
Compiling module work.pipe
Compiling module work.instr_mem
Compiling module work.data_mem
Compiling module work.input_bram
Compiling module work.weight_bram
Compiling module work.bias_bram
Compiling module work.output_bram
Compiling module work.pe
Compiling module work.systolic_array_default
Compiling module work.argmax_unit_default
Compiling module work.coprocessor_top
Compiling module work.uart_tx(CLK_FREQ=10000000)
Compiling module work.led_controller
Compiling module work.seven_seg_controller
Compiling module work.top_fpga
Compiling module work.tb_bench
Built simulation snapshot tb_bench_snap
