#-----------------------------------------------------------
# xsim v2025.2 (64-bit)
# SW Build 6299465 on Fri Nov 14 19:35:11 GMT 2025
# IP Build 6300035 on Fri Nov 14 10:48:45 MST 2025
# SharedData Build 6298862 on Thu Nov 13 04:50:51 MST 2025
# Start of session at: Fri Apr 24 19:11:41 2026
# Process ID         : 35508
# Current directory  : C:/Users/Shubham/Downloads/benchmark/benchmark
# Command line       : xsim.exe -mode tcl -source {xsim.dir/tb_pe_snap/xsim_script.tcl}
# Log file           : C:/Users/Shubham/Downloads/benchmark/benchmark/xsim.log
# Journal file       : C:/Users/Shubham/Downloads/benchmark/benchmark\xsim.jou
# Running On         : LAPTOP-M62A9LSC
# Platform           : Windows Server 2016 or Windows 10
# Operating System   : 26200
# Processor Detail   : 13th Gen Intel(R) Core(TM) i5-13450HX
# CPU Frequency      : 2611 MHz
# CPU Physical cores : 10
# CPU Logical cores  : 16
# Host memory        : 25463 MB
# Swap memory        : 4919 MB
# Total Virtual      : 30382 MB
# Available Virtual  : 3682 MB
#-----------------------------------------------------------
source xsim.dir/tb_pe_snap/xsim_script.tcl
# xsim {tb_pe_snap} -autoloadwcfg -runall
Time resolution is 1 ps
run -all
PASS: PE Test 1 (acc=60)
PASS: PE Test 2 (flush)
PASS: PE Test 3 (acc=-15)
$finish called at time : 166 ns : File "C:/Users/Shubham/Downloads/benchmark/benchmark/tb_pe.v" Line 53
exit
INFO: [Common 17-206] Exiting xsim at Fri Apr 24 19:11:44 2026...
