#-----------------------------------------------------------
# xsim v2025.2 (64-bit)
# SW Build 6299465 on Fri Nov 14 19:35:11 GMT 2025
# IP Build 6300035 on Fri Nov 14 10:48:45 MST 2025
# SharedData Build 6298862 on Thu Nov 13 04:50:51 MST 2025
# Start of session at: Sat Apr 25 02:11:34 2026
# Process ID         : 14192
# Current directory  : C:/Users/dilip/testing/final
# Command line       : xsim.exe -mode tcl -source {xsim.dir/tb_bench_snap/xsim_script.tcl}
# Log file           : C:/Users/dilip/testing/final/xsim.log
# Journal file       : C:/Users/dilip/testing/final\xsim.jou
# Running On         : LAPTOP-IVK9KOE6
# Platform           : Windows Server 2016 or Windows 10
# Operating System   : 26220
# Processor Detail   : Intel(R) Core(TM) i5-8265U CPU @ 1.60GHz
# CPU Frequency      : 1800 MHz
# CPU Physical cores : 4
# CPU Logical cores  : 8
# Host memory        : 8394 MB
# Swap memory        : 11817 MB
# Total Virtual      : 20211 MB
# Available Virtual  : 3310 MB
#-----------------------------------------------------------
source xsim.dir/tb_bench_snap/xsim_script.tcl
# xsim {tb_bench_snap} -autoloadwcfg -runall
Time resolution is 1 ps
run -all
COP: RESET
COP: START Layer 1 at time              6590000
COP: Transition S_IDLE -> S_BIAS_LOAD
COP: Transition S_BIAS_LOAD -> S_TILE_LOAD, row_tile=         0
COP: Transition S_TILE_LOAD -> S_COLLECT_WAIT, col_tile=       194
COP: Transition S_COLLECT_WAIT -> S_COLLECT_WRITE at time            361990000
COP: Layer 1 COMPLETE, transition to S_SCALE_ADDR
COP: Scaling COMPLETE, transition to S_L2_SETUP
COP: START Layer 2
COP: Transition S_BIAS_LOAD -> S_TILE_LOAD, row_tile=         0
COP: Transition S_TILE_LOAD -> S_COLLECT_WAIT, col_tile=         0
COP: Transition S_COLLECT_WAIT -> S_COLLECT_WRITE at time            370790000
COP: Layer 2 COMPLETE, transition to S_ARGMAX_PREP
COP: Transition S_ARGMAX_PREP -> S_ARGMAX
COP: ALL COMPLETE, winner= 0, score=        837
