#-----------------------------------------------------------
# xsim v2025.2 (64-bit)
# SW Build 6299465 on Fri Nov 14 19:35:11 GMT 2025
# IP Build 6300035 on Fri Nov 14 10:48:45 MST 2025
# SharedData Build 6298862 on Thu Nov 13 04:50:51 MST 2025
# Start of session at: Fri Apr 24 19:11:59 2026
# Process ID         : 27592
# Current directory  : C:/Users/Shubham/Downloads/benchmark/benchmark
# Command line       : xsim.exe -mode tcl -source {xsim.dir/tb_uart_full_snap/xsim_script.tcl}
# Log file           : C:/Users/Shubham/Downloads/benchmark/benchmark/xsim.log
# Journal file       : C:/Users/Shubham/Downloads/benchmark/benchmark\xsim.jou
# Running On         : LAPTOP-M62A9LSC
# Platform           : Windows Server 2016 or Windows 10
# Operating System   : 26200
# Processor Detail   : 13th Gen Intel(R) Core(TM) i5-13450HX
# CPU Frequency      : 2611 MHz
# CPU Physical cores : 10
# CPU Logical cores  : 16
# Host memory        : 25463 MB
# Swap memory        : 4919 MB
# Total Virtual      : 30382 MB
# Available Virtual  : 3572 MB
#-----------------------------------------------------------
source xsim.dir/tb_uart_full_snap/xsim_script.tcl
# xsim {tb_uart_full_snap} -autoloadwcfg -runall
Time resolution is 1 ps
run -all
Starting UART Full Test...
Sending 784 bytes at 1M baud...
PASS: UART Full (buf_ready fired)
$finish called at time : 7839345 ns : File "C:/Users/Shubham/Downloads/benchmark/benchmark/tb_uart_full.v" Line 67
exit
INFO: [Common 17-206] Exiting xsim at Fri Apr 24 19:12:03 2026...
